<?xml version='1.0'?>
<ns2:test-suite xmlns:ns2='urn:model.allure.qatools.yandex.ru' start='1644345787841' stop='1644345791869'>
    <name>SignUp, Sign In and Purchase Product</name>
    <title>SignUp, Sign In and Purchase Product</title>
    <test-cases>
        <test-case start='1644345787988' status='broken' stop='1644345791705'>
            <name>TC-001 Create New User SignUp</name>
            <title>TC-001 Create New User SignUp</title>
            <labels>
                <label name='language' value='javascript'/>
                <label name='framework' value='wdio'/>
                <label name='thread' value='0-0'/>
                <label name='severity' value='Medium'/>
                <label name='severity' value='critical'/>
            </labels>
            <parameters>
                <parameter kind='argument' name='browser' value='chrome-97.0.4692.99'/>
            </parameters>
            <steps>
                <step start='1644345787992' status='passed' stop='1644345788004'>
                    <name>Given I am on the home page</name>
                    <title>Given I am on the home page</title>
                    <attachments>
                        <attachment title='Console Logs' source='82b57083-1f9e-4deb-83df-e515dbb2f5d8-attachment.html' type='text/html' size='266'/>
                    </attachments>
                    <steps/>
                </step>
                <step start='1644345788005' status='passed' stop='1644345791389'>
                    <name>Then Navigate to SignUp page</name>
                    <title>Then Navigate to SignUp page</title>
                    <attachments>
                        <attachment title='Console Logs' source='accc535a-eb01-498d-b859-f17253707e10-attachment.html' type='text/html' size='234'/>
                    </attachments>
                    <steps/>
                </step>
                <step start='1644345791389' status='broken' stop='1644345791705'>
                    <name>Then create an account with random username</name>
                    <title>Then create an account with random username</title>
                    <attachments>
                        <attachment title='Screenshot' source='825a403f-31f2-41c6-bae2-eeac2bf2e6f5-attachment.png' type='image/png' size='111592'/>
                        <attachment title='Console Logs' source='70059680-c915-41d0-bebf-f5b61fe00f57-attachment.html' type='text/html' size='226'/>
                    </attachments>
                    <steps>
                        <step start='1644345791390' status='passed' stop='1644345791390'>
                            <name>create an account with random username</name>
                            <title>create an account with random username</title>
                            <attachments/>
                            <steps/>
                        </step>
                    </steps>
                </step>
            </steps>
            <attachments/>
            <failure>
                <message>TypeError: Cannot set properties of undefined (setting 'email')</message>
                <stack-trace>TypeError: Cannot set properties of undefined (setting 'email')
                    at World.&lt;anonymous> (C:\Users\om2542\Desktop\WebDriverIOCucumber\features\step-definitions\/auth.step.js:23:3)
                    at World.executeAsync (C:\Users\om2542\Desktop\WebDriverIOCucumber\node_modules\@wdio\cucumber-framework\node_modules\@wdio\utils\build\shim.js:323:27)
                    at World.testFrameworkFnWrapper (C:\Users\om2542\Desktop\WebDriverIOCucumber\node_modules\@wdio\cucumber-framework\node_modules\@wdio\utils\build\test-framework\testFnWrapper.js:45:32)</stack-trace>
            </failure>
        </test-case>
        <test-case start='1644345791707' status='broken' stop='1644345791867'>
            <name>TC-02 Sign In with newly created user credentials</name>
            <title>TC-02 Sign In with newly created user credentials</title>
            <labels>
                <label name='language' value='javascript'/>
                <label name='framework' value='wdio'/>
                <label name='thread' value='0-0'/>
                <label name='severity' value='Medium'/>
            </labels>
            <parameters>
                <parameter kind='argument' name='browser' value='chrome-97.0.4692.99'/>
            </parameters>
            <steps>
                <step start='1644345791707' status='broken' stop='1644345791866'>
                    <name>Given I am on the Sign In Page</name>
                    <title>Given I am on the Sign In Page</title>
                    <attachments>
                        <attachment title='Screenshot' source='ef3c5e4b-d79a-4af8-8d77-1c0748ca67d7-attachment.png' type='image/png' size='111592'/>
                    </attachments>
                    <steps/>
                </step>
                <step start='1644345791867' status='canceled' stop='1644345791867'>
                    <name>When Login using newly created credentials</name>
                    <title>When Login using newly created credentials</title>
                    <attachments/>
                    <steps/>
                </step>
                <step start='1644345791868' status='canceled' stop='1644345791868'>
                    <name>Then I shall verify the address information in my addresses section</name>
                    <title>Then I shall verify the address information in my addresses section</title>
                    <attachments/>
                    <steps/>
                </step>
            </steps>
            <attachments/>
            <failure>
                <message>TypeError: Cannot read properties of undefined (reading 'isExisting')</message>
                <stack-trace>TypeError: Cannot read properties of undefined (reading 'isExisting')
                    at World.&lt;anonymous> (C:\Users\om2542\Desktop\WebDriverIOCucumber\features\step-definitions\/auth.step.js:30:33)
                    at World.executeAsync (C:\Users\om2542\Desktop\WebDriverIOCucumber\node_modules\@wdio\cucumber-framework\node_modules\@wdio\utils\build\shim.js:323:27)
                    at World.testFrameworkFnWrapper (C:\Users\om2542\Desktop\WebDriverIOCucumber\node_modules\@wdio\cucumber-framework\node_modules\@wdio\utils\build\test-framework\testFnWrapper.js:45:32)</stack-trace>
            </failure>
        </test-case>
    </test-cases>
</ns2:test-suite>