<?xml version='1.0'?>
<ns2:test-suite xmlns:ns2='urn:model.allure.qatools.yandex.ru' start='1644864050232' stop='1644864084654'>
    <name>SignUp, Sign In and Purchase Product</name>
    <title>SignUp, Sign In and Purchase Product</title>
    <test-cases>
        <test-case start='1644864050367' status='broken' stop='1644864074467'>
            <name>TC-001 Create New User SignUp</name>
            <title>TC-001 Create New User SignUp</title>
            <labels>
                <label name='language' value='javascript'/>
                <label name='framework' value='wdio'/>
                <label name='thread' value='0-0'/>
                <label name='severity' value='Medium'/>
                <label name='severity' value='critical'/>
            </labels>
            <parameters>
                <parameter kind='argument' name='browser' value='chrome-98.0.4758.82'/>
            </parameters>
            <steps>
                <step start='1644864050370' status='passed' stop='1644864050378'>
                    <name>Given I am on the home page</name>
                    <title>Given I am on the home page</title>
                    <attachments>
                        <attachment title='Console Logs' source='f9fdf9cc-1b75-4fd4-af95-8a362f97bcf1-attachment.html' type='text/html' size='266'/>
                    </attachments>
                    <steps/>
                </step>
                <step start='1644864050379' status='passed' stop='1644864069305'>
                    <name>Then Navigate to SignUp page</name>
                    <title>Then Navigate to SignUp page</title>
                    <attachments>
                        <attachment title='Console Logs' source='d589ce0d-18e2-4152-a03a-7c8b5fb3a5c3-attachment.html' type='text/html' size='234'/>
                    </attachments>
                    <steps/>
                </step>
                <step start='1644864069305' status='broken' stop='1644864074467'>
                    <name>Then create an account with random username</name>
                    <title>Then create an account with random username</title>
                    <attachments>
                        <attachment title='Screenshot' source='73e038a5-8f0e-4490-a0d2-0a08263aad28-attachment.png' type='image/png' size='17992'/>
                        <attachment title='Console Logs' source='8532acef-5b00-4d6e-a608-1ff9100a6823-attachment.html' type='text/html' size='226'/>
                    </attachments>
                    <steps>
                        <step start='1644864069307' status='passed' stop='1644864069307'>
                            <name>create an account with random username</name>
                            <title>create an account with random username</title>
                            <attachments/>
                            <steps/>
                        </step>
                    </steps>
                </step>
            </steps>
            <attachments/>
            <failure>
                <message>Error: element ("#email_create") still not existing after 5000ms</message>
                <stack-trace>Error: element ("#email_create") still not existing after 5000ms
                    at C:\Users\om2542\Desktop\WebDriverIOCucumber\node_modules\webdriverio\build\commands\browser\waitUntil.js:66:23
                    at Element.wrapCommandFn (C:\Users\om2542\Desktop\WebDriverIOCucumber\node_modules\@wdio\utils\build\shim.js:131:29)
                    at Element.elementErrorHandlerCallbackFn (C:\Users\om2542\Desktop\WebDriverIOCucumber\node_modules\webdriverio\build\middlewares.js:24:32)
                    at Element.wrapCommandFn (C:\Users\om2542\Desktop\WebDriverIOCucumber\node_modules\@wdio\utils\build\shim.js:131:29)
                    at Element.wrapCommandFn (C:\Users\om2542\Desktop\WebDriverIOCucumber\node_modules\@wdio\utils\build\shim.js:131:29)
                    at Element.elementErrorHandlerCallbackFn (C:\Users\om2542\Desktop\WebDriverIOCucumber\node_modules\webdriverio\build\middlewares.js:24:32)
                    at Element.wrapCommandFn (C:\Users\om2542\Desktop\WebDriverIOCucumber\node_modules\@wdio\utils\build\shim.js:131:29)
                    at AuthPage.createAccount (C:\Users\om2542\Desktop\WebDriverIOCucumber\features\pageobjects\/auth.page.js:131:7)
                    at World.&lt;anonymous> (C:\Users\om2542\Desktop\WebDriverIOCucumber\features\step-definitions\/auth.step.js:27:3)</stack-trace>
            </failure>
        </test-case>
        <test-case start='1644864074469' status='failed' stop='1644864084651'>
            <name>TC-02 Sign In with newly created user credentials</name>
            <title>TC-02 Sign In with newly created user credentials</title>
            <labels>
                <label name='language' value='javascript'/>
                <label name='framework' value='wdio'/>
                <label name='thread' value='0-0'/>
                <label name='severity' value='Medium'/>
            </labels>
            <parameters>
                <parameter kind='argument' name='browser' value='chrome-98.0.4758.82'/>
            </parameters>
            <steps>
                <step start='1644864074470' status='failed' stop='1644864084651'>
                    <name>Given I am on the Sign In Page</name>
                    <title>Given I am on the Sign In Page</title>
                    <attachments>
                        <attachment title='Screenshot' source='e4961aef-14b0-486c-85df-c36771052142-attachment.png' type='image/png' size='17992'/>
                    </attachments>
                    <steps/>
                </step>
                <step start='1644864084651' status='canceled' stop='1644864084651'>
                    <name>When Login using newly created credentials</name>
                    <title>When Login using newly created credentials</title>
                    <attachments/>
                    <steps/>
                </step>
                <step start='1644864084652' status='canceled' stop='1644864084652'>
                    <name>Then I shall verify the address information in my addresses section</name>
                    <title>Then I shall verify the address information in my addresses section</title>
                    <attachments/>
                    <steps/>
                </step>
            </steps>
            <attachments/>
            <failure>
                <message>Error: Expect $(`.login`) to be displayed</message>
                <stack-trace>Error: Expect $(`.login`) to be displayed
                
                Expected: "displayed"
                Received: "not displayed"
                    at World.&lt;anonymous> (C:\Users\om2542\Desktop\WebDriverIOCucumber\features\step-definitions\/auth.step.js:36:39)
                    at processTicksAndRejections (node:internal/process/task_queues:96:5)</stack-trace>
            </failure>
        </test-case>
    </test-cases>
</ns2:test-suite>