<?xml version='1.0'?>
<ns2:test-suite xmlns:ns2='urn:model.allure.qatools.yandex.ru' start='1644427363869' stop='1644427372536'>
    <name>SignUp, Sign In and Purchase Product</name>
    <title>SignUp, Sign In and Purchase Product</title>
    <test-cases>
        <test-case start='1644427364045' status='broken' stop='1644427371347'>
            <name>TC-001 Create New User SignUp</name>
            <title>TC-001 Create New User SignUp</title>
            <labels>
                <label name='language' value='javascript'/>
                <label name='framework' value='wdio'/>
                <label name='thread' value='0-0'/>
                <label name='severity' value='Medium'/>
                <label name='severity' value='critical'/>
            </labels>
            <parameters>
                <parameter kind='argument' name='browser' value='chrome-97.0.4692.99'/>
            </parameters>
            <steps>
                <step start='1644427364053' status='passed' stop='1644427364074'>
                    <name>Given I am on the home page</name>
                    <title>Given I am on the home page</title>
                    <attachments>
                        <attachment title='Console Logs' source='7dd0ea4b-c4be-4218-9fef-63b941eacdc7-attachment.html' type='text/html' size='266'/>
                    </attachments>
                    <steps/>
                </step>
                <step start='1644427364075' status='passed' stop='1644427366829'>
                    <name>Then Navigate to SignUp page</name>
                    <title>Then Navigate to SignUp page</title>
                    <attachments>
                        <attachment title='Console Logs' source='40acd945-c2ac-4e40-a859-e4c671e0cd20-attachment.html' type='text/html' size='234'/>
                    </attachments>
                    <steps/>
                </step>
                <step start='1644427366829' status='broken' stop='1644427371347'>
                    <name>Then create an account with random username</name>
                    <title>Then create an account with random username</title>
                    <attachments>
                        <attachment title='Screenshot' source='09e8d95e-6967-40cb-9acb-0010d3089d0a-attachment.png' type='image/png' size='203465'/>
                        <attachment title='Console Logs' source='0215a4fe-b921-4535-bda5-02d40b5a09bb-attachment.html' type='text/html' size='226'/>
                    </attachments>
                    <steps>
                        <step start='1644427366831' status='passed' stop='1644427366831'>
                            <name>create an account with random username</name>
                            <title>create an account with random username</title>
                            <attachments/>
                            <steps/>
                        </step>
                    </steps>
                </step>
            </steps>
            <attachments/>
            <failure>
                <message>TypeError: Cannot set properties of undefined (setting 'email')</message>
                <stack-trace>TypeError: Cannot set properties of undefined (setting 'email')
                    at World.&lt;anonymous> (C:\Users\om2542\Desktop\WebDriverIOCucumber\features\step-definitions\/auth.step.js:23:3)
                    at World.executeAsync (C:\Users\om2542\Desktop\WebDriverIOCucumber\node_modules\@wdio\cucumber-framework\node_modules\@wdio\utils\build\shim.js:323:27)
                    at World.testFrameworkFnWrapper (C:\Users\om2542\Desktop\WebDriverIOCucumber\node_modules\@wdio\cucumber-framework\node_modules\@wdio\utils\build\test-framework\testFnWrapper.js:45:32)</stack-trace>
            </failure>
        </test-case>
        <test-case start='1644427371350' status='broken' stop='1644427372527'>
            <name>TC-02 Sign In with newly created user credentials</name>
            <title>TC-02 Sign In with newly created user credentials</title>
            <labels>
                <label name='language' value='javascript'/>
                <label name='framework' value='wdio'/>
                <label name='thread' value='0-0'/>
                <label name='severity' value='Medium'/>
            </labels>
            <parameters>
                <parameter kind='argument' name='browser' value='chrome-97.0.4692.99'/>
            </parameters>
            <steps>
                <step start='1644427371351' status='passed' stop='1644427372498'>
                    <name>Given I am on the Sign In Page</name>
                    <title>Given I am on the Sign In Page</title>
                    <attachments>
                        <attachment title='Console Logs' source='33e1494c-0416-4ce5-96c5-b1e606df1bcc-attachment.html' type='text/html' size='234'/>
                    </attachments>
                    <steps/>
                </step>
                <step start='1644427372499' status='broken' stop='1644427372527'>
                    <name>When Login using newly created credentials</name>
                    <title>When Login using newly created credentials</title>
                    <attachments/>
                    <steps/>
                </step>
                <step start='1644427372527' status='canceled' stop='1644427372528'>
                    <name>Then I shall verify the address information in my addresses section</name>
                    <title>Then I shall verify the address information in my addresses section</title>
                    <attachments/>
                    <steps/>
                </step>
            </steps>
            <attachments/>
            <failure>
                <message>Error: function uses multiple asynchronous interfaces: callback and promise</message>
                <stack-trace>Error: function uses multiple asynchronous interfaces: callback and promise
                to use the callback interface: do not return a promise
                to use the promise interface: remove the last argument to the function
                    at Object.run (C:\Users\om2542\Desktop\WebDriverIOCucumber\node_modules\@cucumber\cucumber\src\user_code_runner.ts:51:16)
                    at Object.run (C:\Users\om2542\Desktop\WebDriverIOCucumber\node_modules\@cucumber\cucumber\src\runtime\step_runner.ts:53:41)
                    at TestCaseRunner.invokeStep (C:\Users\om2542\Desktop\WebDriverIOCucumber\node_modules\@cucumber\cucumber\src\runtime\test_case_runner.ts:131:12)
                    at TestCaseRunner.runStep (C:\Users\om2542\Desktop\WebDriverIOCucumber\node_modules\@cucumber\cucumber\src\runtime\test_case_runner.ts:316:20)
                    at C:\Users\om2542\Desktop\WebDriverIOCucumber\node_modules\@cucumber\cucumber\src\runtime\test_case_runner.ts:222:36
                    at TestCaseRunner.aroundTestStep (C:\Users\om2542\Desktop\WebDriverIOCucumber\node_modules\@cucumber\cucumber\src\runtime\test_case_runner.ts:164:28)
                    at TestCaseRunner.run (C:\Users\om2542\Desktop\WebDriverIOCucumber\node_modules\@cucumber\cucumber\src\runtime\test_case_runner.ts:203:9)
                    at Runtime.runTestCase (C:\Users\om2542\Desktop\WebDriverIOCucumber\node_modules\@cucumber\cucumber\src\runtime\index.ts:123:20)
                    at C:\Users\om2542\Desktop\WebDriverIOCucumber\node_modules\@cucumber\cucumber\src\runtime\index.ts:153:7</stack-trace>
            </failure>
        </test-case>
    </test-cases>
</ns2:test-suite>